#logback.classic pattern: %clr(%d{yyyy-MM-dd HH:mm:ss.SSS}){faint} %clr([%thread]){faint} %clr(%-5level){highlight} %logger{36} %clr(--- Contexto:){faint} %clr(%C.%M:%L){cyan} - %msg%n%ex{full}
2025-05-09 18:11:37.197 [main] INFO  c.t.f.ExportBatchFilmApplication --- Contexto: org.springframework.boot.StartupInfoLogger.logStarting:53 - Starting ExportBatchFilmApplication using Java 22.0.1 with PID 3176 (C:\Users\andre\Documents\SourceTree\SpringCinemaApplication\SpringCinemaApplication\export-batch-film\target\classes started by andre in C:\Users\andre\Documents\SourceTree\SpringCinemaApplication\SpringCinemaApplication\export-batch-film)
2025-05-09 18:11:37.293 [main] INFO  c.t.f.ExportBatchFilmApplication --- Contexto: org.springframework.boot.SpringApplication.logStartupProfileInfo:658 - The following 1 profile is active: "docker"
2025-05-09 18:11:37.726 [main] INFO  o.s.d.r.c.RepositoryConfigurationDelegate --- Contexto: org.springframework.data.repository.config.RepositoryConfigurationDelegate.registerRepositoriesIn:143 - Bootstrapping Spring Data JPA repositories in DEFAULT mode.
2025-05-09 18:11:37.787 [main] INFO  o.s.d.r.c.RepositoryConfigurationDelegate --- Contexto: org.springframework.data.repository.config.RepositoryConfigurationDelegate.registerRepositoriesIn:211 - Finished Spring Data repository scanning in 39 ms. Found 6 JPA repository interfaces.
2025-05-09 18:11:38.375 [main] INFO  o.s.b.w.e.tomcat.TomcatWebServer --- Contexto: org.springframework.boot.web.embedded.tomcat.TomcatWebServer.initialize:111 - Tomcat initialized with port 9096 (http)
2025-05-09 18:11:38.391 [main] INFO  o.a.catalina.core.StandardService --- Contexto: org.apache.juli.logging.DirectJDKLog.log:173 - Starting service [Tomcat]
2025-05-09 18:11:38.459 [main] INFO  o.a.catalina.core.StandardEngine --- Contexto: org.apache.juli.logging.DirectJDKLog.log:173 - Starting Servlet engine: [Apache Tomcat/10.1.34]
2025-05-09 18:11:38.541 [main] INFO  o.a.c.c.C.[Tomcat].[localhost].[/] --- Contexto: org.apache.juli.logging.DirectJDKLog.log:173 - Initializing Spring embedded WebApplicationContext
2025-05-09 18:11:38.541 [main] INFO  o.s.b.w.s.c.ServletWebServerApplicationContext --- Contexto: org.springframework.boot.web.servlet.context.ServletWebServerApplicationContext.prepareWebApplicationContext:296 - Root WebApplicationContext: initialization completed in 1172 ms
2025-05-09 18:11:38.660 [main] INFO  com.zaxxer.hikari.HikariDataSource --- Contexto: com.zaxxer.hikari.HikariDataSource.getConnection:109 - HikariPool-1 - Starting...
2025-05-09 18:11:38.829 [main] INFO  com.zaxxer.hikari.pool.HikariPool --- Contexto: com.zaxxer.hikari.pool.HikariPool.checkFailFast:554 - HikariPool-1 - Added connection org.mariadb.jdbc.Connection@28ee882c
2025-05-09 18:11:38.835 [main] INFO  com.zaxxer.hikari.HikariDataSource --- Contexto: com.zaxxer.hikari.HikariDataSource.getConnection:122 - HikariPool-1 - Start completed.
2025-05-09 18:11:39.203 [main] INFO  liquibase.changelog --- Contexto: liquibase.logging.core.JavaLogger.log:37 - Reading resource: db/changelog/film/00001-changsSet-empty.xml
2025-05-09 18:11:39.307 [main] INFO  liquibase.changelog --- Contexto: liquibase.logging.core.JavaLogger.log:37 - Reading resource: db/changelog/film-dev/00001-changsSet-empty.xml
2025-05-09 18:11:39.338 [main] INFO  liquibase.changelog --- Contexto: liquibase.logging.core.JavaLogger.log:37 - Reading resource: db/changelog/film-dev/00002-changsSet-users-create.xml
2025-05-09 18:11:39.410 [main] INFO  liquibase.changelog --- Contexto: liquibase.logging.core.JavaLogger.log:37 - Reading resource: db/changelog/film-dev/00003-changsSet-roles-create.xml
2025-05-09 18:11:39.464 [main] INFO  liquibase.changelog --- Contexto: liquibase.logging.core.JavaLogger.log:37 - Reading resource: db/changelog/film-dev/00004-changsSet-userAndRoles-create.xml
2025-05-09 18:11:39.492 [main] INFO  liquibase.changelog --- Contexto: liquibase.logging.core.JavaLogger.log:37 - Reading resource: db/changelog/film-dev/00005-01-changsSet-rolesAndAuthorities-create.xml
2025-05-09 18:11:39.535 [main] INFO  liquibase.changelog --- Contexto: liquibase.logging.core.JavaLogger.log:37 - Reading resource: db/changelog/film-dev/00005-02-changsSet-rolesAndScopes-create.xml
2025-05-09 18:11:39.608 [main] INFO  liquibase.changelog --- Contexto: liquibase.logging.core.JavaLogger.log:37 - Reading resource: db/changelog/film-dev/00006-changsSet-artist-create.xml
2025-05-09 18:11:39.616 [main] INFO  liquibase.changelog --- Contexto: liquibase.logging.core.JavaLogger.log:37 - Reading resource: db/changelog/film-dev/00007-changsSet-filmt-create.xml
2025-05-09 18:11:39.683 [main] INFO  liquibase.changelog --- Contexto: liquibase.logging.core.JavaLogger.log:37 - Reading resource: db/changelog/film-dev/00008-changsSet-add-image-in-user.xml
2025-05-09 18:11:39.711 [main] INFO  liquibase.changelog --- Contexto: liquibase.logging.core.JavaLogger.log:37 - Reading resource: db/changelog/film-dev/00009-changsSet-add-image-in-movie.xml
2025-05-09 18:11:39.727 [main] INFO  liquibase.changelog --- Contexto: liquibase.logging.core.JavaLogger.log:37 - Reading resource: db/changelog/film-dev/00010-changsSet-created-table-rating-film.xml
2025-05-09 18:11:39.747 [main] INFO  liquibase.changelog --- Contexto: liquibase.logging.core.JavaLogger.log:37 - Reading resource: db/changelog/film-dev/00011-changsSet-created-table-export-films.xml
2025-05-09 18:11:39.769 [main] INFO  liquibase.changelog --- Contexto: liquibase.logging.core.JavaLogger.log:37 - Reading resource: db/changelog/film-test/00001-changsSet-example_table.xml
2025-05-09 18:11:39.785 [main] INFO  liquibase.changelog --- Contexto: liquibase.logging.core.JavaLogger.log:37 - Reading resource: db/changelog/rating/rating-pro/00001-changsSet-empty.xml
2025-05-09 18:11:39.801 [main] INFO  liquibase.changelog --- Contexto: liquibase.logging.core.JavaLogger.log:37 - Reading resource: db/changelog/rating/rating-dev/00004-changsSet-insert-data-rating-film.xml
2025-05-09 18:11:39.817 [main] INFO  liquibase.changelog --- Contexto: liquibase.logging.core.JavaLogger.log:37 - Reading resource: db/changelog/export-batch/pro/00001-changsSet-empty.xml
2025-05-09 18:11:39.829 [main] INFO  liquibase.changelog --- Contexto: liquibase.logging.core.JavaLogger.log:37 - Reading resource: db/changelog/export-batch/dev/00001-changsSet-empty.xml
2025-05-09 18:11:39.832 [main] INFO  liquibase.changelog --- Contexto: liquibase.logging.core.JavaLogger.log:37 - Reading resource: db/changelog/export-batch/test/00001-changeSet-export-bath-h2.xml
2025-05-09 18:11:40.230 [main] INFO  liquibase.changelog --- Contexto: liquibase.logging.core.JavaLogger.log:37 - Reading from film.databasechangelog
2025-05-09 18:11:40.287 [main] INFO  liquibase.ui --- Contexto: liquibase.logging.core.JavaLogger.log:37 - Database is up to date, no changesets to execute
2025-05-09 18:11:40.292 [main] INFO  liquibase.changelog --- Contexto: liquibase.logging.core.JavaLogger.log:37 - Reading from film.databasechangelog
2025-05-09 18:11:40.309 [main] INFO  liquibase.util --- Contexto: liquibase.logging.core.JavaLogger.log:37 - UPDATE SUMMARY
2025-05-09 18:11:40.316 [main] INFO  liquibase.util --- Contexto: liquibase.logging.core.JavaLogger.log:37 - Run:                          0
2025-05-09 18:11:40.316 [main] INFO  liquibase.util --- Contexto: liquibase.logging.core.JavaLogger.log:37 - Previously run:              20
2025-05-09 18:11:40.316 [main] INFO  liquibase.util --- Contexto: liquibase.logging.core.JavaLogger.log:37 - Filtered out:                26
2025-05-09 18:11:40.316 [main] INFO  liquibase.util --- Contexto: liquibase.logging.core.JavaLogger.log:37 - -------------------------------
2025-05-09 18:11:40.316 [main] INFO  liquibase.util --- Contexto: liquibase.logging.core.JavaLogger.log:37 - Total change sets:           26
2025-05-09 18:11:40.316 [main] INFO  liquibase.util --- Contexto: liquibase.logging.core.JavaLogger.log:37 - FILTERED CHANGE SETS SUMMARY
2025-05-09 18:11:40.316 [main] INFO  liquibase.util --- Contexto: liquibase.logging.core.JavaLogger.log:37 - Context mismatch:            26
2025-05-09 18:11:40.318 [main] INFO  liquibase.util --- Contexto: liquibase.logging.core.JavaLogger.log:37 - Already ran:                 20
2025-05-09 18:11:40.326 [main] INFO  liquibase.util --- Contexto: liquibase.logging.core.JavaLogger.log:37 - Update summary generated
2025-05-09 18:11:40.327 [main] INFO  liquibase.command --- Contexto: liquibase.logging.core.JavaLogger.log:37 - Command execution complete
2025-05-09 18:11:40.374 [main] WARN  o.m.jdbc.message.server.ErrorPacket --- Contexto: org.mariadb.jdbc.util.log.Slf4JLogger.warn:99 - Error: 1050-42S01: Table 'batch_job_instance' already exists
2025-05-09 18:11:40.375 [main] WARN  o.m.jdbc.message.server.ErrorPacket --- Contexto: org.mariadb.jdbc.util.log.Slf4JLogger.warn:99 - Error: 1050-42S01: Table 'batch_job_execution' already exists
2025-05-09 18:11:40.378 [main] WARN  o.m.jdbc.message.server.ErrorPacket --- Contexto: org.mariadb.jdbc.util.log.Slf4JLogger.warn:99 - Error: 1050-42S01: Table 'batch_job_execution_params' already exists
2025-05-09 18:11:40.380 [main] WARN  o.m.jdbc.message.server.ErrorPacket --- Contexto: org.mariadb.jdbc.util.log.Slf4JLogger.warn:99 - Error: 1050-42S01: Table 'batch_step_execution' already exists
2025-05-09 18:11:40.381 [main] WARN  o.m.jdbc.message.server.ErrorPacket --- Contexto: org.mariadb.jdbc.util.log.Slf4JLogger.warn:99 - Error: 1050-42S01: Table 'batch_step_execution_context' already exists
2025-05-09 18:11:40.382 [main] WARN  o.m.jdbc.message.server.ErrorPacket --- Contexto: org.mariadb.jdbc.util.log.Slf4JLogger.warn:99 - Error: 1050-42S01: Table 'batch_job_execution_context' already exists
2025-05-09 18:11:40.383 [main] WARN  o.m.jdbc.message.server.ErrorPacket --- Contexto: org.mariadb.jdbc.util.log.Slf4JLogger.warn:99 - Error: 1050-42S01: Table 'batch_step_execution_seq' already exists
2025-05-09 18:11:40.384 [main] WARN  o.m.jdbc.message.server.ErrorPacket --- Contexto: org.mariadb.jdbc.util.log.Slf4JLogger.warn:99 - Error: 1050-42S01: Table 'batch_job_execution_seq' already exists
2025-05-09 18:11:40.385 [main] WARN  o.m.jdbc.message.server.ErrorPacket --- Contexto: org.mariadb.jdbc.util.log.Slf4JLogger.warn:99 - Error: 1050-42S01: Table 'batch_job_seq' already exists
2025-05-09 18:11:40.492 [main] INFO  o.h.jpa.internal.util.LogHelper --- Contexto: org.hibernate.jpa.internal.util.LogHelper.logPersistenceUnitInformation:31 - HHH000204: Processing PersistenceUnitInfo [name: default]
2025-05-09 18:11:40.617 [main] INFO  org.hibernate.Version --- Contexto: org.hibernate.Version.logVersion:44 - HHH000412: Hibernate ORM core version 6.6.4.Final
2025-05-09 18:11:40.680 [main] INFO  o.h.c.i.RegionFactoryInitiator --- Contexto: org.hibernate.cache.internal.RegionFactoryInitiator.initiateService:50 - HHH000026: Second-level cache disabled
2025-05-09 18:11:41.252 [main] INFO  o.s.o.j.p.SpringPersistenceUnitInfo --- Contexto: org.springframework.orm.jpa.persistenceunit.SpringPersistenceUnitInfo.addTransformer:87 - No LoadTimeWeaver setup: ignoring JPA class transformer
2025-05-09 18:11:41.362 [main] WARN  org.hibernate.orm.deprecation --- Contexto: org.hibernate.engine.jdbc.dialect.internal.DialectFactoryImpl.constructDialect:153 - HHH90000025: MariaDBDialect does not need to be specified explicitly using 'hibernate.dialect' (remove the property setting and it will be selected by default)
2025-05-09 18:11:41.391 [main] INFO  o.hibernate.orm.connections.pooling --- Contexto: org.hibernate.engine.jdbc.env.internal.JdbcEnvironmentInitiator.initiateService:157 - HHH10001005: Database info:
	Database JDBC URL [Connecting through datasource 'HikariDataSource (HikariPool-1)']
	Database driver: undefined/unknown
	Database version: 11.6.2
	Autocommit mode: undefined/unknown
	Isolation level: undefined/unknown
	Minimum pool size: undefined/unknown
	Maximum pool size: undefined/unknown
2025-05-09 18:11:43.697 [main] INFO  o.h.e.t.j.p.i.JtaPlatformInitiator --- Contexto: org.hibernate.engine.transaction.jta.platform.internal.JtaPlatformInitiator.initiateService:56 - HHH000490: Using JTA platform [org.hibernate.engine.transaction.jta.platform.internal.JBossStandAloneJtaPlatform]
2025-05-09 18:11:43.769 [main] INFO  o.s.o.j.LocalContainerEntityManagerFactoryBean --- Contexto: org.springframework.orm.jpa.AbstractEntityManagerFactoryBean.buildNativeEntityManagerFactory:447 - Initialized JPA EntityManagerFactory for persistence unit 'default'
2025-05-09 18:11:44.633 [main] INFO  o.s.d.j.r.query.QueryEnhancerFactory --- Contexto: org.springframework.data.jpa.repository.query.QueryEnhancerFactory.<clinit>:49 - Hibernate is in classpath; If applicable, HQL parser will be used.
2025-05-09 18:11:46.673 [main] WARN  o.s.b.a.o.j.JpaBaseConfiguration$JpaWebConfiguration --- Contexto: org.springframework.boot.autoconfigure.orm.jpa.JpaBaseConfiguration$JpaWebConfiguration.openEntityManagerInViewInterceptor:241 - spring.jpa.open-in-view is enabled by default. Therefore, database queries may be performed during view rendering. Explicitly configure spring.jpa.open-in-view to disable this warning
2025-05-09 18:11:48.303 [main] DEBUG o.s.b.c.c.s.JobRegistrySmartInitializingSingleton --- Contexto: org.springframework.batch.core.configuration.support.JobRegistrySmartInitializingSingleton.postProcessAfterInitialization:152 - Registering job: movieExportJob
2025-05-09 18:11:48.414 [main] INFO  o.s.b.w.e.tomcat.TomcatWebServer --- Contexto: org.springframework.boot.web.embedded.tomcat.TomcatWebServer.start:243 - Tomcat started on port 9096 (http) with context path '/'
2025-05-09 18:11:48.446 [main] INFO  o.s.s.config.TaskSchedulerRouter --- Contexto: org.springframework.scheduling.config.TaskSchedulerRouter.determineDefaultScheduler:225 - No TaskScheduler/ScheduledExecutorService bean found for scheduled processing
2025-05-09 18:11:48.462 [main] INFO  c.t.f.ExportBatchFilmApplication --- Contexto: org.springframework.boot.StartupInfoLogger.logStarted:59 - Started ExportBatchFilmApplication in 11.875 seconds (process running for 12.252)
2025-05-09 18:11:48.475 [main] INFO  o.s.b.a.b.JobLauncherApplicationRunner --- Contexto: org.springframework.boot.autoconfigure.batch.JobLauncherApplicationRunner.run:168 - Running default command line with: []
2025-05-09 18:11:48.631 [main] INFO  o.s.b.c.l.s.TaskExecutorJobLauncher --- Contexto: org.springframework.batch.core.launch.support.TaskExecutorJobLauncher$1.run:152 - Job: [SimpleJob: [name=movieExportJob]] launched with the following parameters: [{'run.id':'{value=8, type=class java.lang.Long, identifying=true}'}]
2025-05-09 18:11:48.634 [main] DEBUG o.s.batch.core.job.AbstractJob --- Contexto: org.springframework.batch.core.job.AbstractJob.execute:280 - Job execution starting: JobExecution: id=8, version=0, startTime=null, endTime=null, lastUpdated=2025-05-09T18:11:48.544666100, status=STARTING, exitStatus=exitCode=UNKNOWN;exitDescription=, job=[JobInstance: id=8, version=0, Job=[movieExportJob]], jobParameters=[{'run.id':'{value=8, type=class java.lang.Long, identifying=true}'}]
2025-05-09 18:11:48.663 [main] INFO  c.t.f.l.JobCompletionNotificationListener --- Contexto: com.tokioschool.filmexport.listeners.JobCompletionNotificationListener.beforeJob:72 - ===> ==== JOB START ====
Job Name movieExportJob, Job Id 8, language en_us
2025-05-09 18:11:48.729 [main] INFO  o.s.batch.core.job.SimpleStepHandler --- Contexto: org.springframework.batch.core.job.SimpleStepHandler.handleStep:150 - Executing step: [step]
2025-05-09 18:11:48.729 [main] DEBUG o.s.batch.core.step.AbstractStep --- Contexto: org.springframework.batch.core.step.AbstractStep.execute:208 - Executing: id=8
2025-05-09 18:11:48.753 [main] DEBUG o.s.batch.core.scope.StepScope --- Contexto: org.springframework.batch.core.scope.StepScope.get:109 - Creating object in scope=step, name=scopedTarget.movieItemReader
2025-05-09 18:11:48.760 [main] DEBUG o.s.batch.core.scope.StepScope --- Contexto: org.springframework.batch.core.scope.StepScope.get:109 - Creating object in scope=step, name=scopedTarget.compositeItemWriter
2025-05-09 18:11:48.791 [main] DEBUG o.s.batch.core.scope.StepScope --- Contexto: org.springframework.batch.core.scope.StepScope.registerDestructionCallback:139 - Registered destruction callback in scope=step, name=scopedTarget.compositeItemWriter
2025-05-09 18:11:48.795 [main] DEBUG o.s.batch.core.scope.StepScope --- Contexto: org.springframework.batch.core.scope.StepScope.get:109 - Creating object in scope=step, name=scopedTarget.movieItemWriter
2025-05-09 18:11:48.908 [main] DEBUG o.s.b.repeat.support.RepeatTemplate --- Contexto: org.springframework.batch.repeat.support.RepeatTemplate.start:470 - Starting repeat context.
2025-05-09 18:11:48.910 [main] DEBUG o.s.b.repeat.support.RepeatTemplate --- Contexto: org.springframework.batch.repeat.support.RepeatTemplate.getNextResult:367 - Repeat operation about to start at count=1
2025-05-09 18:11:48.911 [main] DEBUG o.s.b.c.s.c.StepContextRepeatCallback --- Contexto: org.springframework.batch.core.scope.context.StepContextRepeatCallback.doInIteration:70 - Preparing chunk execution for StepContext: org.springframework.batch.core.scope.context.StepContext@73ac846
2025-05-09 18:11:48.912 [main] DEBUG o.s.b.c.s.c.StepContextRepeatCallback --- Contexto: org.springframework.batch.core.scope.context.StepContextRepeatCallback.doInIteration:80 - Chunk execution starting: queue size=0
2025-05-09 18:11:48.917 [main] DEBUG o.s.b.repeat.support.RepeatTemplate --- Contexto: org.springframework.batch.repeat.support.RepeatTemplate.start:470 - Starting repeat context.
2025-05-09 18:11:48.918 [main] DEBUG o.s.b.repeat.support.RepeatTemplate --- Contexto: org.springframework.batch.repeat.support.RepeatTemplate.getNextResult:367 - Repeat operation about to start at count=1
2025-05-09 18:11:49.012 [main] DEBUG org.hibernate.SQL --- Contexto: org.hibernate.engine.jdbc.spi.SqlStatementLogger.logStatement:135 - select m1_0.id,m1_0.users_id,m1_0.resource_id,m1_0.manager_id,m1_0.release_year,m1_0.title from movies m1_0 where m1_0.id not in (select ef1_0.film_id from exported_films ef1_0)
2025-05-09 18:11:49.075 [main] DEBUG o.s.b.repeat.support.RepeatTemplate --- Contexto: org.springframework.batch.repeat.support.RepeatTemplate.isComplete:438 - Repeat is complete according to policy and result value.
2025-05-09 18:11:49.075 [main] DEBUG o.s.b.c.s.item.ChunkOrientedTasklet --- Contexto: org.springframework.batch.core.step.item.ChunkOrientedTasklet.execute:89 - Inputs not busy, ended: true
2025-05-09 18:11:49.075 [main] DEBUG o.s.b.core.step.tasklet.TaskletStep --- Contexto: org.springframework.batch.core.step.tasklet.TaskletStep$ChunkTransactionCallback.doInTransaction:415 - Applying contribution: [StepContribution: read=0, written=0, filtered=0, readSkips=0, writeSkips=0, processSkips=0, exitStatus=EXECUTING]
2025-05-09 18:11:49.075 [main] DEBUG o.s.b.core.step.tasklet.TaskletStep --- Contexto: org.springframework.batch.core.step.tasklet.TaskletStep$ChunkTransactionCallback.doInTransaction:433 - Saving step execution before commit: StepExecution: id=8, version=1, name=step, status=STARTED, exitStatus=EXECUTING, readCount=0, filterCount=0, writeCount=0 readSkipCount=0, writeSkipCount=0, processSkipCount=0, commitCount=1, rollbackCount=0, exitDescription=
2025-05-09 18:11:49.098 [main] DEBUG o.s.b.repeat.support.RepeatTemplate --- Contexto: org.springframework.batch.repeat.support.RepeatTemplate.isComplete:438 - Repeat is complete according to policy and result value.
2025-05-09 18:11:49.099 [main] DEBUG o.s.batch.core.step.AbstractStep --- Contexto: org.springframework.batch.core.step.AbstractStep.execute:245 - Step execution success: id=8
2025-05-09 18:11:49.101 [main] INFO  o.s.batch.core.step.AbstractStep --- Contexto: org.springframework.batch.core.step.AbstractStep.execute:269 - Step: [step] executed in 371ms
2025-05-09 18:11:49.125 [main] DEBUG o.s.batch.core.step.AbstractStep --- Contexto: org.springframework.batch.core.step.AbstractStep.execute:324 - Step execution complete: StepExecution: id=8, version=3, name=step, status=COMPLETED, exitStatus=COMPLETED, readCount=0, filterCount=0, writeCount=0 readSkipCount=0, writeSkipCount=0, processSkipCount=0, commitCount=1, rollbackCount=0
2025-05-09 18:11:49.134 [main] DEBUG o.s.batch.core.job.AbstractJob --- Contexto: org.springframework.batch.core.job.SimpleJob.doExecute:141 - Upgrading JobExecution status: StepExecution: id=8, version=3, name=step, status=COMPLETED, exitStatus=COMPLETED, readCount=0, filterCount=0, writeCount=0 readSkipCount=0, writeSkipCount=0, processSkipCount=0, commitCount=1, rollbackCount=0, exitDescription=
2025-05-09 18:11:49.134 [main] DEBUG o.s.batch.core.job.AbstractJob --- Contexto: org.springframework.batch.core.job.AbstractJob.execute:309 - Job execution complete: JobExecution: id=8, version=1, startTime=2025-05-09T18:11:48.637568300, endTime=null, lastUpdated=2025-05-09T18:11:48.650309200, status=COMPLETED, exitStatus=exitCode=COMPLETED;exitDescription=, job=[JobInstance: id=8, version=0, Job=[movieExportJob]], jobParameters=[{'run.id':'{value=8, type=class java.lang.Long, identifying=true}'}]
2025-05-09 18:11:49.135 [main] INFO  c.t.f.l.JobCompletionNotificationListener --- Contexto: com.tokioschool.filmexport.listeners.JobCompletionNotificationListener.afterJob:91 - ===> ==== JOB END ====
Job Name movieExportJob, Job Id 8, status COMPLETED
2025-05-09 18:11:49.149 [main] INFO  o.s.b.c.l.s.TaskExecutorJobLauncher --- Contexto: org.springframework.batch.core.launch.support.TaskExecutorJobLauncher$1.run:159 - Job: [SimpleJob: [name=movieExportJob]] completed with the following parameters: [{'run.id':'{value=8, type=class java.lang.Long, identifying=true}'}] and the following status: [COMPLETED] in 497ms
2025-05-09 18:11:49.153 [main] INFO  o.s.b.w.e.tomcat.GracefulShutdown --- Contexto: org.springframework.boot.web.embedded.tomcat.GracefulShutdown.shutDownGracefully:54 - Commencing graceful shutdown. Waiting for active requests to complete
2025-05-09 18:11:49.159 [tomcat-shutdown] INFO  o.s.b.w.e.tomcat.GracefulShutdown --- Contexto: org.springframework.boot.web.embedded.tomcat.GracefulShutdown.doShutdown:76 - Graceful shutdown complete
2025-05-09 18:11:49.159 [main] DEBUG o.s.b.c.c.s.JobRegistrySmartInitializingSingleton --- Contexto: org.springframework.batch.core.configuration.support.JobRegistrySmartInitializingSingleton.destroy:123 - Unregistering job: movieExportJob
2025-05-09 18:11:49.159 [main] INFO  o.s.o.j.LocalContainerEntityManagerFactoryBean --- Contexto: org.springframework.orm.jpa.AbstractEntityManagerFactoryBean.destroy:660 - Closing JPA EntityManagerFactory for persistence unit 'default'
2025-05-09 18:11:49.169 [main] INFO  com.zaxxer.hikari.HikariDataSource --- Contexto: com.zaxxer.hikari.HikariDataSource.close:349 - HikariPool-1 - Shutdown initiated...
2025-05-09 18:11:49.184 [main] INFO  com.zaxxer.hikari.HikariDataSource --- Contexto: com.zaxxer.hikari.HikariDataSource.close:351 - HikariPool-1 - Shutdown completed.
