2025-05-09 18:04:14,291 INFO o.s.b.StartupInfoLogger [restartedMain] Starting FilmApiApplication using Java 22.0.1 with PID 34592 (C:\Users\andre\Documents\SourceTree\SpringCinemaApplication\SpringCinemaApplication\film-api\target\classes started by andre in C:\Users\andre\Documents\SourceTree\SpringCinemaApplication\SpringCinemaApplication\film-api)
2025-05-09 18:04:14,295 INFO o.s.b.SpringApplication [restartedMain] The following 1 profile is active: "docker"
2025-05-09 18:04:14,372 INFO o.s.b.l.DeferredLog [restartedMain] Devtools property defaults active! Set 'spring.devtools.add-properties' to 'false' to disable
2025-05-09 18:04:14,373 INFO o.s.b.l.DeferredLog [restartedMain] For additional web related logging consider setting the 'logging.level.web' property to 'DEBUG'
2025-05-09 18:04:15,414 INFO o.s.d.r.c.RepositoryConfigurationDelegate [restartedMain] Multiple Spring Data modules found, entering strict repository configuration mode
2025-05-09 18:04:15,415 INFO o.s.d.r.c.RepositoryConfigurationDelegate [restartedMain] Bootstrapping Spring Data JPA repositories in DEFAULT mode.
2025-05-09 18:04:15,570 INFO o.s.d.r.c.RepositoryConfigurationDelegate [restartedMain] Finished Spring Data repository scanning in 142 ms. Found 6 JPA repository interfaces.
2025-05-09 18:04:16,186 INFO o.s.d.r.c.RepositoryConfigurationDelegate [restartedMain] Multiple Spring Data modules found, entering strict repository configuration mode
2025-05-09 18:04:16,190 INFO o.s.d.r.c.RepositoryConfigurationDelegate [restartedMain] Bootstrapping Spring Data Redis repositories in DEFAULT mode.
2025-05-09 18:04:16,281 INFO o.s.d.r.c.RepositoryConfigurationExtensionSupport [restartedMain] Spring Data Redis - Could not safely identify store assignment for repository candidate interface com.tokioschool.filmapp.repositories.ArtistDao; If you want this repository to be a Redis repository, consider annotating your entities with one of these annotations: org.springframework.data.redis.core.RedisHash (preferred), or consider extending one of the following types with your repository: org.springframework.data.keyvalue.repository.KeyValueRepository
2025-05-09 18:04:16,283 INFO o.s.d.r.c.RepositoryConfigurationExtensionSupport [restartedMain] Spring Data Redis - Could not safely identify store assignment for repository candidate interface com.tokioschool.filmapp.repositories.ExportFilmDao; If you want this repository to be a Redis repository, consider annotating your entities with one of these annotations: org.springframework.data.redis.core.RedisHash (preferred), or consider extending one of the following types with your repository: org.springframework.data.keyvalue.repository.KeyValueRepository
2025-05-09 18:04:16,284 INFO o.s.d.r.c.RepositoryConfigurationExtensionSupport [restartedMain] Spring Data Redis - Could not safely identify store assignment for repository candidate interface com.tokioschool.filmapp.repositories.MovieDao; If you want this repository to be a Redis repository, consider annotating your entities with one of these annotations: org.springframework.data.redis.core.RedisHash (preferred), or consider extending one of the following types with your repository: org.springframework.data.keyvalue.repository.KeyValueRepository
2025-05-09 18:04:16,286 INFO o.s.d.r.c.RepositoryConfigurationExtensionSupport [restartedMain] Spring Data Redis - Could not safely identify store assignment for repository candidate interface com.tokioschool.filmapp.repositories.RatingFilmDao; If you want this repository to be a Redis repository, consider annotating your entities with one of these annotations: org.springframework.data.redis.core.RedisHash (preferred), or consider extending one of the following types with your repository: org.springframework.data.keyvalue.repository.KeyValueRepository
2025-05-09 18:04:16,287 INFO o.s.d.r.c.RepositoryConfigurationExtensionSupport [restartedMain] Spring Data Redis - Could not safely identify store assignment for repository candidate interface com.tokioschool.filmapp.repositories.RoleDao; If you want this repository to be a Redis repository, consider annotating your entities with one of these annotations: org.springframework.data.redis.core.RedisHash (preferred), or consider extending one of the following types with your repository: org.springframework.data.keyvalue.repository.KeyValueRepository
2025-05-09 18:04:16,288 INFO o.s.d.r.c.RepositoryConfigurationExtensionSupport [restartedMain] Spring Data Redis - Could not safely identify store assignment for repository candidate interface com.tokioschool.filmapp.repositories.UserDao; If you want this repository to be a Redis repository, consider annotating your entities with one of these annotations: org.springframework.data.redis.core.RedisHash (preferred), or consider extending one of the following types with your repository: org.springframework.data.keyvalue.repository.KeyValueRepository
2025-05-09 18:04:16,289 INFO o.s.d.r.c.RepositoryConfigurationDelegate [restartedMain] Finished Spring Data repository scanning in 80 ms. Found 0 Redis repository interfaces.
2025-05-09 18:04:18,382 INFO o.s.b.w.e.t.TomcatWebServer [restartedMain] Tomcat initialized with port 9090 (http)
2025-05-09 18:04:18,412 INFO o.a.j.l.DirectJDKLog [restartedMain] Starting service [Tomcat]
2025-05-09 18:04:18,414 INFO o.a.j.l.DirectJDKLog [restartedMain] Starting Servlet engine: [Apache Tomcat/10.1.34]
2025-05-09 18:04:18,551 INFO o.a.j.l.DirectJDKLog [restartedMain] Initializing Spring embedded WebApplicationContext
2025-05-09 18:04:18,553 INFO o.s.b.w.s.c.ServletWebServerApplicationContext [restartedMain] Root WebApplicationContext: initialization completed in 4177 ms
2025-05-09 18:04:19,704 INFO c.z.h.HikariDataSource [restartedMain] HikariPool-1 - Starting...
2025-05-09 18:04:19,886 INFO c.z.h.p.HikariPool [restartedMain] HikariPool-1 - Added connection org.mariadb.jdbc.Connection@3923c79c
2025-05-09 18:04:19,888 INFO c.z.h.HikariDataSource [restartedMain] HikariPool-1 - Start completed.
2025-05-09 18:04:20,797 INFO l.l.c.JavaLogger [restartedMain] Reading resource: db/changelog/film/00001-changsSet-empty.xml
2025-05-09 18:04:20,827 INFO l.l.c.JavaLogger [restartedMain] Reading resource: db/changelog/film-dev/00001-changsSet-empty.xml
2025-05-09 18:04:20,848 INFO l.l.c.JavaLogger [restartedMain] Reading resource: db/changelog/film-dev/00002-changsSet-users-create.xml
2025-05-09 18:04:20,883 INFO l.l.c.JavaLogger [restartedMain] Reading resource: db/changelog/film-dev/00003-changsSet-roles-create.xml
2025-05-09 18:04:20,904 INFO l.l.c.JavaLogger [restartedMain] Reading resource: db/changelog/film-dev/00004-changsSet-userAndRoles-create.xml
2025-05-09 18:04:20,922 INFO l.l.c.JavaLogger [restartedMain] Reading resource: db/changelog/film-dev/00005-01-changsSet-rolesAndAuthorities-create.xml
2025-05-09 18:04:20,942 INFO l.l.c.JavaLogger [restartedMain] Reading resource: db/changelog/film-dev/00005-02-changsSet-rolesAndScopes-create.xml
2025-05-09 18:04:20,966 INFO l.l.c.JavaLogger [restartedMain] Reading resource: db/changelog/film-dev/00006-changsSet-artist-create.xml
2025-05-09 18:04:20,985 INFO l.l.c.JavaLogger [restartedMain] Reading resource: db/changelog/film-dev/00007-changsSet-filmt-create.xml
2025-05-09 18:04:21,005 INFO l.l.c.JavaLogger [restartedMain] Reading resource: db/changelog/film-dev/00008-changsSet-add-image-in-user.xml
2025-05-09 18:04:21,025 INFO l.l.c.JavaLogger [restartedMain] Reading resource: db/changelog/film-dev/00009-changsSet-add-image-in-movie.xml
2025-05-09 18:04:21,041 INFO l.l.c.JavaLogger [restartedMain] Reading resource: db/changelog/film-dev/00010-changsSet-created-table-rating-film.xml
2025-05-09 18:04:21,058 INFO l.l.c.JavaLogger [restartedMain] Reading resource: db/changelog/film-dev/00011-changsSet-created-table-export-films.xml
2025-05-09 18:04:21,074 INFO l.l.c.JavaLogger [restartedMain] Reading resource: db/changelog/film-test/00001-changsSet-example_table.xml
2025-05-09 18:04:21,090 INFO l.l.c.JavaLogger [restartedMain] Reading resource: db/changelog/rating/rating-pro/00001-changsSet-empty.xml
2025-05-09 18:04:21,105 INFO l.l.c.JavaLogger [restartedMain] Reading resource: db/changelog/rating/rating-dev/00004-changsSet-insert-data-rating-film.xml
2025-05-09 18:04:21,120 INFO l.l.c.JavaLogger [restartedMain] Reading resource: db/changelog/export-batch/pro/00001-changsSet-empty.xml
2025-05-09 18:04:21,137 INFO l.l.c.JavaLogger [restartedMain] Reading resource: db/changelog/export-batch/dev/00001-changsSet-empty.xml
2025-05-09 18:04:21,151 INFO l.l.c.JavaLogger [restartedMain] Reading resource: db/changelog/export-batch/test/00001-changeSet-export-bath-h2.xml
2025-05-09 18:04:21,526 INFO l.l.c.JavaLogger [restartedMain] Reading from film.databasechangelog
2025-05-09 18:04:21,697 INFO l.l.c.JavaLogger [restartedMain] Database is up to date, no changesets to execute
2025-05-09 18:04:21,703 INFO l.l.c.JavaLogger [restartedMain] Reading from film.databasechangelog
2025-05-09 18:04:21,726 INFO l.l.c.JavaLogger [restartedMain] UPDATE SUMMARY
2025-05-09 18:04:21,726 INFO l.l.c.JavaLogger [restartedMain] Run:                          0
2025-05-09 18:04:21,727 INFO l.l.c.JavaLogger [restartedMain] Previously run:              20
2025-05-09 18:04:21,727 INFO l.l.c.JavaLogger [restartedMain] Filtered out:                 7
2025-05-09 18:04:21,727 INFO l.l.c.JavaLogger [restartedMain] -------------------------------
2025-05-09 18:04:21,728 INFO l.l.c.JavaLogger [restartedMain] Total change sets:           26
2025-05-09 18:04:21,728 INFO l.l.c.JavaLogger [restartedMain] FILTERED CHANGE SETS SUMMARY
2025-05-09 18:04:21,729 INFO l.l.c.JavaLogger [restartedMain] Context mismatch:             7
2025-05-09 18:04:21,729 INFO l.l.c.JavaLogger [restartedMain] Already ran:                  1
2025-05-09 18:04:21,731 INFO l.l.c.JavaLogger [restartedMain] Update summary generated
2025-05-09 18:04:21,733 INFO l.l.c.JavaLogger [restartedMain] Command execution complete
2025-05-09 18:04:21,931 INFO o.h.j.i.u.LogHelper [restartedMain] HHH000204: Processing PersistenceUnitInfo [name: default]
2025-05-09 18:04:22,059 INFO o.h.Version [restartedMain] HHH000412: Hibernate ORM core version 6.6.4.Final
2025-05-09 18:04:22,145 INFO o.h.c.i.RegionFactoryInitiator [restartedMain] HHH000026: Second-level cache disabled
2025-05-09 18:04:22,748 INFO o.s.o.j.p.SpringPersistenceUnitInfo [restartedMain] No LoadTimeWeaver setup: ignoring JPA class transformer
2025-05-09 18:04:22,853 WARN o.h.e.j.d.i.DialectFactoryImpl [restartedMain] HHH90000025: MariaDBDialect does not need to be specified explicitly using 'hibernate.dialect' (remove the property setting and it will be selected by default)
2025-05-09 18:04:22,891 INFO o.h.e.j.e.i.JdbcEnvironmentInitiator [restartedMain] HHH10001005: Database info:
	Database JDBC URL [Connecting through datasource 'HikariDataSource (HikariPool-1)']
	Database driver: undefined/unknown
	Database version: 11.6.2
	Autocommit mode: undefined/unknown
	Isolation level: undefined/unknown
	Minimum pool size: undefined/unknown
	Maximum pool size: undefined/unknown
2025-05-09 18:04:25,005 INFO o.h.e.t.j.p.i.JtaPlatformInitiator [restartedMain] HHH000490: Using JTA platform [org.hibernate.engine.transaction.jta.platform.internal.JBossStandAloneJtaPlatform]
2025-05-09 18:04:25,075 INFO o.s.o.j.AbstractEntityManagerFactoryBean [restartedMain] Initialized JPA EntityManagerFactory for persistence unit 'default'
2025-05-09 18:04:25,573 INFO o.s.d.j.r.q.QueryEnhancerFactory [restartedMain] Hibernate is in classpath; If applicable, HQL parser will be used.
2025-05-09 18:04:29,655 WARN o.s.b.a.o.j.JpaBaseConfiguration$JpaWebConfiguration [restartedMain] spring.jpa.open-in-view is enabled by default. Therefore, database queries may be performed during view rendering. Explicitly configure spring.jpa.open-in-view to disable this warning
2025-05-09 18:04:29,762 WARN o.s.s.c.a.a.c.InitializeUserDetailsBeanManagerConfigurer$InitializeUserDetailsManagerConfigurer [restartedMain] Global AuthenticationManager configured with an AuthenticationProvider bean. UserDetailsService beans will not be used by Spring Security for automatically configuring username/password login. Consider removing the AuthenticationProvider bean. Alternatively, consider using the UserDetailsService in a manually instantiated DaoAuthenticationProvider. If the current configuration is intentional, to turn off this warning, increase the logging level of 'org.springframework.security.config.annotation.authentication.configuration.InitializeUserDetailsBeanManagerConfigurer' to ERROR
2025-05-09 18:04:30,700 INFO o.s.b.a.e.w.EndpointLinksResolver [restartedMain] Exposing 15 endpoints beneath base path '/actuator'
2025-05-09 18:04:32,733 INFO o.s.b.a.h.H2ConsoleAutoConfiguration$H2ConsoleLogger [restartedMain] H2 console available at '/h2-console'. Database available at 'jdbc:mariadb://localhost:3307/film?user=root&password=***&createDatabaseIfNotExist=true'
2025-05-09 18:04:33,019 WARN o.s.b.d.a.OptionalLiveReloadServer [restartedMain] Unable to start LiveReload server
2025-05-09 18:04:33,334 WARN o.s.c.s.AbstractApplicationContext [restartedMain] Exception encountered during context initialization - cancelling refresh attempt: org.springframework.context.ApplicationContextException: Failed to start bean 'webServerStartStop'
2025-05-09 18:04:33,356 INFO o.s.o.j.AbstractEntityManagerFactoryBean [restartedMain] Closing JPA EntityManagerFactory for persistence unit 'default'
2025-05-09 18:04:33,362 INFO c.z.h.HikariDataSource [restartedMain] HikariPool-1 - Shutdown initiated...
2025-05-09 18:04:33,377 INFO c.z.h.HikariDataSource [restartedMain] HikariPool-1 - Shutdown completed.
2025-05-09 18:04:33,405 INFO o.s.b.a.l.ConditionEvaluationReportLogger [restartedMain] 

Error starting ApplicationContext. To display the condition evaluation report re-run your application with 'debug' enabled.
2025-05-09 18:04:33,446 ERROR o.s.b.d.LoggingFailureAnalysisReporter [restartedMain] 

***************************
APPLICATION FAILED TO START
***************************

Description:

Web server failed to start. Port 9090 was already in use.

Action:

Identify and stop the process that's listening on port 9090 or configure this application to listen on another port.

2025-05-09 18:13:14,760 INFO o.s.b.StartupInfoLogger [restartedMain] Starting FilmApiApplication using Java 22.0.1 with PID 31820 (C:\Users\andre\Documents\SourceTree\SpringCinemaApplication\SpringCinemaApplication\film-api\target\classes started by andre in C:\Users\andre\Documents\SourceTree\SpringCinemaApplication\SpringCinemaApplication\film-api)
2025-05-09 18:13:14,760 INFO o.s.b.SpringApplication [restartedMain] The following 1 profile is active: "docker"
2025-05-09 18:13:14,810 INFO o.s.b.l.DeferredLog [restartedMain] Devtools property defaults active! Set 'spring.devtools.add-properties' to 'false' to disable
2025-05-09 18:13:14,810 INFO o.s.b.l.DeferredLog [restartedMain] For additional web related logging consider setting the 'logging.level.web' property to 'DEBUG'
2025-05-09 18:13:15,821 INFO o.s.d.r.c.RepositoryConfigurationDelegate [restartedMain] Multiple Spring Data modules found, entering strict repository configuration mode
2025-05-09 18:13:15,821 INFO o.s.d.r.c.RepositoryConfigurationDelegate [restartedMain] Bootstrapping Spring Data JPA repositories in DEFAULT mode.
2025-05-09 18:13:15,969 INFO o.s.d.r.c.RepositoryConfigurationDelegate [restartedMain] Finished Spring Data repository scanning in 135 ms. Found 6 JPA repository interfaces.
2025-05-09 18:13:16,532 INFO o.s.d.r.c.RepositoryConfigurationDelegate [restartedMain] Multiple Spring Data modules found, entering strict repository configuration mode
2025-05-09 18:13:16,537 INFO o.s.d.r.c.RepositoryConfigurationDelegate [restartedMain] Bootstrapping Spring Data Redis repositories in DEFAULT mode.
2025-05-09 18:13:16,635 INFO o.s.d.r.c.RepositoryConfigurationExtensionSupport [restartedMain] Spring Data Redis - Could not safely identify store assignment for repository candidate interface com.tokioschool.filmapp.repositories.ArtistDao; If you want this repository to be a Redis repository, consider annotating your entities with one of these annotations: org.springframework.data.redis.core.RedisHash (preferred), or consider extending one of the following types with your repository: org.springframework.data.keyvalue.repository.KeyValueRepository
2025-05-09 18:13:16,642 INFO o.s.d.r.c.RepositoryConfigurationExtensionSupport [restartedMain] Spring Data Redis - Could not safely identify store assignment for repository candidate interface com.tokioschool.filmapp.repositories.ExportFilmDao; If you want this repository to be a Redis repository, consider annotating your entities with one of these annotations: org.springframework.data.redis.core.RedisHash (preferred), or consider extending one of the following types with your repository: org.springframework.data.keyvalue.repository.KeyValueRepository
2025-05-09 18:13:16,642 INFO o.s.d.r.c.RepositoryConfigurationExtensionSupport [restartedMain] Spring Data Redis - Could not safely identify store assignment for repository candidate interface com.tokioschool.filmapp.repositories.MovieDao; If you want this repository to be a Redis repository, consider annotating your entities with one of these annotations: org.springframework.data.redis.core.RedisHash (preferred), or consider extending one of the following types with your repository: org.springframework.data.keyvalue.repository.KeyValueRepository
2025-05-09 18:13:16,642 INFO o.s.d.r.c.RepositoryConfigurationExtensionSupport [restartedMain] Spring Data Redis - Could not safely identify store assignment for repository candidate interface com.tokioschool.filmapp.repositories.RatingFilmDao; If you want this repository to be a Redis repository, consider annotating your entities with one of these annotations: org.springframework.data.redis.core.RedisHash (preferred), or consider extending one of the following types with your repository: org.springframework.data.keyvalue.repository.KeyValueRepository
2025-05-09 18:13:16,642 INFO o.s.d.r.c.RepositoryConfigurationExtensionSupport [restartedMain] Spring Data Redis - Could not safely identify store assignment for repository candidate interface com.tokioschool.filmapp.repositories.RoleDao; If you want this repository to be a Redis repository, consider annotating your entities with one of these annotations: org.springframework.data.redis.core.RedisHash (preferred), or consider extending one of the following types with your repository: org.springframework.data.keyvalue.repository.KeyValueRepository
2025-05-09 18:13:16,642 INFO o.s.d.r.c.RepositoryConfigurationExtensionSupport [restartedMain] Spring Data Redis - Could not safely identify store assignment for repository candidate interface com.tokioschool.filmapp.repositories.UserDao; If you want this repository to be a Redis repository, consider annotating your entities with one of these annotations: org.springframework.data.redis.core.RedisHash (preferred), or consider extending one of the following types with your repository: org.springframework.data.keyvalue.repository.KeyValueRepository
2025-05-09 18:13:16,642 INFO o.s.d.r.c.RepositoryConfigurationDelegate [restartedMain] Finished Spring Data repository scanning in 85 ms. Found 0 Redis repository interfaces.
2025-05-09 18:13:18,521 INFO o.s.b.w.e.t.TomcatWebServer [restartedMain] Tomcat initialized with port 9090 (http)
2025-05-09 18:13:18,549 INFO o.a.j.l.DirectJDKLog [restartedMain] Starting service [Tomcat]
2025-05-09 18:13:18,550 INFO o.a.j.l.DirectJDKLog [restartedMain] Starting Servlet engine: [Apache Tomcat/10.1.34]
2025-05-09 18:13:18,711 INFO o.a.j.l.DirectJDKLog [restartedMain] Initializing Spring embedded WebApplicationContext
2025-05-09 18:13:18,712 INFO o.s.b.w.s.c.ServletWebServerApplicationContext [restartedMain] Root WebApplicationContext: initialization completed in 3902 ms
2025-05-09 18:13:19,925 INFO c.z.h.HikariDataSource [restartedMain] HikariPool-1 - Starting...
2025-05-09 18:13:20,124 INFO c.z.h.p.HikariPool [restartedMain] HikariPool-1 - Added connection org.mariadb.jdbc.Connection@713dfffd
2025-05-09 18:13:20,128 INFO c.z.h.HikariDataSource [restartedMain] HikariPool-1 - Start completed.
2025-05-09 18:13:21,389 INFO l.l.c.JavaLogger [restartedMain] Reading resource: db/changelog/film/00001-changsSet-empty.xml
2025-05-09 18:13:21,448 INFO l.l.c.JavaLogger [restartedMain] Reading resource: db/changelog/film-dev/00001-changsSet-empty.xml
2025-05-09 18:13:21,470 INFO l.l.c.JavaLogger [restartedMain] Reading resource: db/changelog/film-dev/00002-changsSet-users-create.xml
2025-05-09 18:13:21,549 INFO l.l.c.JavaLogger [restartedMain] Reading resource: db/changelog/film-dev/00003-changsSet-roles-create.xml
2025-05-09 18:13:21,563 INFO l.l.c.JavaLogger [restartedMain] Reading resource: db/changelog/film-dev/00004-changsSet-userAndRoles-create.xml
2025-05-09 18:13:21,606 INFO l.l.c.JavaLogger [restartedMain] Reading resource: db/changelog/film-dev/00005-01-changsSet-rolesAndAuthorities-create.xml
2025-05-09 18:13:21,625 INFO l.l.c.JavaLogger [restartedMain] Reading resource: db/changelog/film-dev/00005-02-changsSet-rolesAndScopes-create.xml
2025-05-09 18:13:21,641 INFO l.l.c.JavaLogger [restartedMain] Reading resource: db/changelog/film-dev/00006-changsSet-artist-create.xml
2025-05-09 18:13:21,660 INFO l.l.c.JavaLogger [restartedMain] Reading resource: db/changelog/film-dev/00007-changsSet-filmt-create.xml
2025-05-09 18:13:21,678 INFO l.l.c.JavaLogger [restartedMain] Reading resource: db/changelog/film-dev/00008-changsSet-add-image-in-user.xml
2025-05-09 18:13:21,693 INFO l.l.c.JavaLogger [restartedMain] Reading resource: db/changelog/film-dev/00009-changsSet-add-image-in-movie.xml
2025-05-09 18:13:21,709 INFO l.l.c.JavaLogger [restartedMain] Reading resource: db/changelog/film-dev/00010-changsSet-created-table-rating-film.xml
2025-05-09 18:13:21,728 INFO l.l.c.JavaLogger [restartedMain] Reading resource: db/changelog/film-dev/00011-changsSet-created-table-export-films.xml
2025-05-09 18:13:21,749 INFO l.l.c.JavaLogger [restartedMain] Reading resource: db/changelog/film-test/00001-changsSet-example_table.xml
2025-05-09 18:13:21,761 INFO l.l.c.JavaLogger [restartedMain] Reading resource: db/changelog/rating/rating-pro/00001-changsSet-empty.xml
2025-05-09 18:13:21,776 INFO l.l.c.JavaLogger [restartedMain] Reading resource: db/changelog/rating/rating-dev/00004-changsSet-insert-data-rating-film.xml
2025-05-09 18:13:21,788 INFO l.l.c.JavaLogger [restartedMain] Reading resource: db/changelog/export-batch/pro/00001-changsSet-empty.xml
2025-05-09 18:13:21,801 INFO l.l.c.JavaLogger [restartedMain] Reading resource: db/changelog/export-batch/dev/00001-changsSet-empty.xml
2025-05-09 18:13:21,812 INFO l.l.c.JavaLogger [restartedMain] Reading resource: db/changelog/export-batch/test/00001-changeSet-export-bath-h2.xml
2025-05-09 18:13:22,160 INFO l.l.c.JavaLogger [restartedMain] Reading from film.databasechangelog
2025-05-09 18:13:22,278 INFO l.l.c.JavaLogger [restartedMain] Database is up to date, no changesets to execute
2025-05-09 18:13:22,283 INFO l.l.c.JavaLogger [restartedMain] Reading from film.databasechangelog
2025-05-09 18:13:22,296 INFO l.l.c.JavaLogger [restartedMain] UPDATE SUMMARY
2025-05-09 18:13:22,297 INFO l.l.c.JavaLogger [restartedMain] Run:                          0
2025-05-09 18:13:22,297 INFO l.l.c.JavaLogger [restartedMain] Previously run:              20
2025-05-09 18:13:22,297 INFO l.l.c.JavaLogger [restartedMain] Filtered out:                 7
2025-05-09 18:13:22,298 INFO l.l.c.JavaLogger [restartedMain] -------------------------------
2025-05-09 18:13:22,298 INFO l.l.c.JavaLogger [restartedMain] Total change sets:           26
2025-05-09 18:13:22,299 INFO l.l.c.JavaLogger [restartedMain] FILTERED CHANGE SETS SUMMARY
2025-05-09 18:13:22,299 INFO l.l.c.JavaLogger [restartedMain] Context mismatch:             7
2025-05-09 18:13:22,300 INFO l.l.c.JavaLogger [restartedMain] Already ran:                  1
2025-05-09 18:13:22,302 INFO l.l.c.JavaLogger [restartedMain] Update summary generated
2025-05-09 18:13:22,304 INFO l.l.c.JavaLogger [restartedMain] Command execution complete
2025-05-09 18:13:22,472 INFO o.h.j.i.u.LogHelper [restartedMain] HHH000204: Processing PersistenceUnitInfo [name: default]
2025-05-09 18:13:22,581 INFO o.h.Version [restartedMain] HHH000412: Hibernate ORM core version 6.6.4.Final
2025-05-09 18:13:22,655 INFO o.h.c.i.RegionFactoryInitiator [restartedMain] HHH000026: Second-level cache disabled
2025-05-09 18:13:23,219 INFO o.s.o.j.p.SpringPersistenceUnitInfo [restartedMain] No LoadTimeWeaver setup: ignoring JPA class transformer
2025-05-09 18:13:23,312 WARN o.h.e.j.d.i.DialectFactoryImpl [restartedMain] HHH90000025: MariaDBDialect does not need to be specified explicitly using 'hibernate.dialect' (remove the property setting and it will be selected by default)
2025-05-09 18:13:23,336 INFO o.h.e.j.e.i.JdbcEnvironmentInitiator [restartedMain] HHH10001005: Database info:
	Database JDBC URL [Connecting through datasource 'HikariDataSource (HikariPool-1)']
	Database driver: undefined/unknown
	Database version: 11.6.2
	Autocommit mode: undefined/unknown
	Isolation level: undefined/unknown
	Minimum pool size: undefined/unknown
	Maximum pool size: undefined/unknown
2025-05-09 18:13:25,429 INFO o.h.e.t.j.p.i.JtaPlatformInitiator [restartedMain] HHH000490: Using JTA platform [org.hibernate.engine.transaction.jta.platform.internal.JBossStandAloneJtaPlatform]
2025-05-09 18:13:25,523 INFO o.s.o.j.AbstractEntityManagerFactoryBean [restartedMain] Initialized JPA EntityManagerFactory for persistence unit 'default'
2025-05-09 18:13:26,029 INFO o.s.d.j.r.q.QueryEnhancerFactory [restartedMain] Hibernate is in classpath; If applicable, HQL parser will be used.
2025-05-09 18:13:33,270 WARN o.s.b.a.o.j.JpaBaseConfiguration$JpaWebConfiguration [restartedMain] spring.jpa.open-in-view is enabled by default. Therefore, database queries may be performed during view rendering. Explicitly configure spring.jpa.open-in-view to disable this warning
2025-05-09 18:13:33,583 WARN o.s.s.c.a.a.c.InitializeUserDetailsBeanManagerConfigurer$InitializeUserDetailsManagerConfigurer [restartedMain] Global AuthenticationManager configured with an AuthenticationProvider bean. UserDetailsService beans will not be used by Spring Security for automatically configuring username/password login. Consider removing the AuthenticationProvider bean. Alternatively, consider using the UserDetailsService in a manually instantiated DaoAuthenticationProvider. If the current configuration is intentional, to turn off this warning, increase the logging level of 'org.springframework.security.config.annotation.authentication.configuration.InitializeUserDetailsBeanManagerConfigurer' to ERROR
2025-05-09 18:13:35,372 INFO o.s.b.a.e.w.EndpointLinksResolver [restartedMain] Exposing 15 endpoints beneath base path '/actuator'
2025-05-09 18:13:38,126 INFO o.s.b.a.h.H2ConsoleAutoConfiguration$H2ConsoleLogger [restartedMain] H2 console available at '/h2-console'. Database available at 'jdbc:mariadb://localhost:3307/film?user=root&password=***&createDatabaseIfNotExist=true'
2025-05-09 18:13:38,386 WARN o.s.b.d.a.OptionalLiveReloadServer [restartedMain] Unable to start LiveReload server
2025-05-09 18:13:38,568 INFO o.s.b.w.e.t.TomcatWebServer [restartedMain] Tomcat started on port 9090 (http) with context path '/'
2025-05-09 18:13:38,601 INFO o.s.s.c.TaskSchedulerRouter [restartedMain] No TaskScheduler/ScheduledExecutorService bean found for scheduled processing
2025-05-09 18:13:38,611 INFO o.s.b.StartupInfoLogger [restartedMain] Started FilmApiApplication in 24.525 seconds (process running for 25.182)
